Arguments: 
  /usr/local/Cellar/node/12.11.1/bin/node /usr/local/Cellar/yarn/1.19.0/libexec/bin/yarn.js

PATH: 
  /usr/local/bin:/usr/bin:/bin:/usr/sbin:/sbin:/opt/X11/bin

Yarn version: 
  1.19.0

Node version: 
  12.11.1

Platform: 
  darwin x64

Trace: 
  Error: write EADDRNOTAVAIL
      at WriteWrap.onWriteComplete [as oncomplete] (internal/stream_base_commons.js:87:16)
      at handleWriteReq (internal/stream_base_commons.js:53:21)
      at writeGeneric (internal/stream_base_commons.js:139:15)
      at TLSSocket.Socket._writeGeneric (net.js:768:11)
      at TLSSocket.Socket._write (net.js:780:8)
      at doWrite (_stream_writable.js:431:12)
      at clearBuffer (_stream_writable.js:551:7)
      at TLSSocket.Writable.uncork (_stream_writable.js:325:7)
      at ClientRequest._flushOutput (_http_outgoing.js:808:10)
      at ClientRequest._flush (_http_outgoing.js:784:16)

npm manifest: 
  {
    "name": "svelte-app",
    "version": "1.0.0",
    "devDependencies": {
      "rollup": "^1.12.0",
      "rollup-plugin-commonjs": "^10.0.0",
      "rollup-plugin-livereload": "^1.0.0",
      "rollup-plugin-node-resolve": "^5.2.0",
      "rollup-plugin-svelte": "^5.0.3",
      "rollup-plugin-terser": "^5.1.2",
      "svelte": "^3.0.0"
    },
    "dependencies": {
      "sirv-cli": "^0.4.4"
    },
    "scripts": {
      "build": "rollup -c",
      "dev": "rollup -c -w",
      "start": "sirv public --single",
      "start:dev": "sirv public --single --dev"
    }
  }

yarn manifest: 
  No manifest

Lockfile: 
  No lockfile
